<?xml version="1.0" encoding="UTF-8"?>
<!-- Generated by org.testng.reporters.JUnitReportReporter -->
<testsuite skipped="0" hostname="KESARI-VAMSHI-GOUD" name="com.naukari.testcases.HomeTest" tests="1" failures="0" timestamp="08 Sep 2020 17:15:52 GMT" time="15.986" errors="0">
  <testcase name="uploadcv" time="15.986" classname="com.naukari.testcases.HomeTest"/>
</testsuite> <!-- com.naukari.testcases.HomeTest -->
