<?xml version="1.0" encoding="UTF-8"?>
<!-- Generated by org.testng.reporters.JUnitReportReporter -->
<testsuite skipped="0" hostname="KESARI-VAMSHI-GOUD" name="com.naukari.testcases.LoginTest" tests="1" failures="0" timestamp="08 Sep 2020 15:58:38 GMT" time="10.132" errors="0">
  <testcase name="Login" time="10.132" classname="com.naukari.testcases.LoginTest"/>
</testsuite> <!-- com.naukari.testcases.LoginTest -->
