<?xml version="1.0" encoding="UTF-8"?>
<!-- Generated by org.testng.reporters.JUnitReportReporter -->
<testsuite skipped="0" hostname="KESARI-VAMSHI-GOUD" name="com.naukari.testcases.HomeTest" tests="1" failures="0" timestamp="09 Sep 2020 08:12:44 GMT" time="18.132" errors="0">
  <testcase name="uploadcv" time="18.132" classname="com.naukari.testcases.HomeTest"/>
</testsuite> <!-- com.naukari.testcases.HomeTest -->
